# JRE version: OpenJDK Runtime Environment Corretto-20.0.2.10.1 (20.0.2.1+10) (build 20.0.2.1+10-FR)
# Java VM: OpenJDK 64-Bit Server VM Corretto-20.0.2.10.1 (20.0.2.1+10-FR, mixed mode, emulated-client, sharing, tiered, compressed oops, compressed class ptrs, g1 gc, windows-amd64)
GC Precious Log:
 CardTable entry size: 512
 Card Set container configuration: InlinePtr #cards 5 size 8 Array Of Cards #cards 12 size 40 Howl #buckets 4 coarsen threshold 1843 Howl Bitmap #cards 512 size 80 coarsen threshold 460 Card regions per heap region 1 cards per card region 2048
 CPUs: 4 total, 4 available
 Memory: 4021M
 Large Page Support: Disabled
 NUMA Support: Disabled
 Compressed Oops: Enabled (32-bit)
 Heap Region Size: 1M
 Heap Min Capacity: 8M
 Heap Initial Capacity: 64M
 Heap Max Capacity: 1006M
 Pre-touch: Disabled
 Parallel Workers: 4
 Concurrent Workers: 1
 Concurrent Refinement Workers: 4
 Periodic GC: Disabled
Heap:
 garbage-first heap   total 67584K, used 32338K [0x00000000c1200000, 0x0000000100000000)
  region size 1024K, 3 young (3072K), 2 survivors (2048K)
 Metaspace       used 73236K, committed 74368K, reserved 1114112K
  class space    used 10407K, committed 10880K, reserved 1048576K
GC Heap History (20 events):
Event: 565.682 GC heap before
{Heap before GC invocations=21 (full 0):
 garbage-first heap   total 66560K, used 56846K [0x00000000c1200000, 0x0000000100000000)
  region size 1024K, 26 young (26624K), 3 survivors (3072K)
 Metaspace       used 73536K, committed 74368K, reserved 1114112K
  class space    used 10490K, committed 10880K, reserved 1048576K
}
Event: 565.700 GC heap after
{Heap after GC invocations=22 (full 0):
 garbage-first heap   total 66560K, used 34417K [0x00000000c1200000, 0x0000000100000000)
  region size 1024K, 3 young (3072K), 3 survivors (3072K)
 Metaspace       used 73536K, committed 74368K, reserved 1114112K
  class space    used 10490K, committed 10880K, reserved 1048576K
}
Event: 1355.448 GC heap before
{Heap before GC invocations=23 (full 0):
 garbage-first heap   total 66560K, used 57969K [0x00000000c1200000, 0x0000000100000000)
  region size 1024K, 26 young (26624K), 3 survivors (3072K)
 Metaspace       used 73234K, committed 74368K, reserved 1114112K
  class space    used 10408K, committed 10880K, reserved 1048576K
}
Event: 1355.467 GC heap after
{Heap after GC invocations=24 (full 0):
 garbage-first heap   total 66560K, used 33860K [0x00000000c1200000, 0x0000000100000000)
  region size 1024K, 2 young (2048K), 2 survivors (2048K)
 Metaspace       used 73234K, committed 74368K, reserved 1114112K
  class space    used 10408K, committed 10880K, reserved 1048576K
}
Event: 2076.423 GC heap before
{Heap before GC invocations=24 (full 0):
 garbage-first heap   total 66560K, used 58436K [0x00000000c1200000, 0x0000000100000000)
  region size 1024K, 27 young (27648K), 2 survivors (2048K)
 Metaspace       used 73254K, committed 74368K, reserved 1114112K
  class space    used 10413K, committed 10880K, reserved 1048576K
}
Event: 2076.450 GC heap after
{Heap after GC invocations=25 (full 0):
 garbage-first heap   total 67584K, used 32254K [0x00000000c1200000, 0x0000000100000000)
  region size 1024K, 3 young (3072K), 3 survivors (3072K)
 Metaspace       used 73254K, committed 74368K, reserved 1114112K
  class space    used 10413K, committed 10880K, reserved 1048576K
}
Event: 3004.822 GC heap before
{Heap before GC invocations=25 (full 0):
 garbage-first heap   total 67584K, used 59902K [0x00000000c1200000, 0x0000000100000000)
  region size 1024K, 30 young (30720K), 3 survivors (3072K)
 Metaspace       used 73254K, committed 74368K, reserved 1114112K
  class space    used 10413K, committed 10880K, reserved 1048576K
}
Event: 3004.890 GC heap after
{Heap after GC invocations=26 (full 0):
 garbage-first heap   total 67584K, used 32482K [0x00000000c1200000, 0x0000000100000000)
  region size 1024K, 1 young (1024K), 1 survivors (1024K)
 Metaspace       used 73254K, committed 74368K, reserved 1114112K
  class space    used 10413K, committed 10880K, reserved 1048576K
}
Event: 3858.202 GC heap before
{Heap before GC invocations=27 (full 0):
 garbage-first heap   total 67584K, used 62178K [0x00000000c1200000, 0x0000000100000000)
  region size 1024K, 30 young (30720K), 1 survivors (1024K)
 Metaspace       used 73258K, committed 74368K, reserved 1114112K
  class space    used 10414K, committed 10880K, reserved 1048576K
}
Event: 3858.216 GC heap after
{Heap after GC invocations=28 (full 0):
 garbage-first heap   total 67584K, used 32794K [0x00000000c1200000, 0x0000000100000000)
  region size 1024K, 2 young (2048K), 2 survivors (2048K)
 Metaspace       used 73258K, committed 74368K, reserved 1114112K
  class space    used 10414K, committed 10880K, reserved 1048576K
}
Event: 4787.571 GC heap before
{Heap before GC invocations=28 (full 0):
 garbage-first heap   total 67584K, used 60442K [0x00000000c1200000, 0x0000000100000000)
  region size 1024K, 29 young (29696K), 2 survivors (2048K)
 Metaspace       used 73258K, committed 74368K, reserved 1114112K
  class space    used 10414K, committed 10880K, reserved 1048576K
}
Event: 4787.600 GC heap after
{Heap after GC invocations=29 (full 0):
 garbage-first heap   total 67584K, used 32240K [0x00000000c1200000, 0x0000000100000000)
  region size 1024K, 1 young (1024K), 1 survivors (1024K)
 Metaspace       used 73258K, committed 74368K, reserved 1114112K
  class space    used 10414K, committed 10880K, reserved 1048576K
}
Event: 5644.297 GC heap before
{Heap before GC invocations=29 (full 0):
 garbage-first heap   total 67584K, used 61936K [0x00000000c1200000, 0x0000000100000000)
  region size 1024K, 30 young (30720K), 1 survivors (1024K)
 Metaspace       used 73260K, committed 74368K, reserved 1114112K
  class space    used 10414K, committed 10880K, reserved 1048576K
}
Event: 5644.310 GC heap after
{Heap after GC invocations=30 (full 0):
 garbage-first heap   total 67584K, used 32525K [0x00000000c1200000, 0x0000000100000000)
  region size 1024K, 2 young (2048K), 2 survivors (2048K)
 Metaspace       used 73260K, committed 74368K, reserved 1114112K
  class space    used 10414K, committed 10880K, reserved 1048576K
}
Event: 6573.956 GC heap before
{Heap before GC invocations=31 (full 0):
 garbage-first heap   total 67584K, used 60173K [0x00000000c1200000, 0x0000000100000000)
  region size 1024K, 29 young (29696K), 2 survivors (2048K)
 Metaspace       used 73234K, committed 74368K, reserved 1114112K
  class space    used 10407K, committed 10880K, reserved 1048576K
}
Event: 6573.963 GC heap after
{Heap after GC invocations=32 (full 0):
 garbage-first heap   total 67584K, used 32240K [0x00000000c1200000, 0x0000000100000000)
  region size 1024K, 1 young (1024K), 1 survivors (1024K)
 Metaspace       used 73234K, committed 74368K, reserved 1114112K
  class space    used 10407K, committed 10880K, reserved 1048576K
}
Event: 7411.472 GC heap before
{Heap before GC invocations=32 (full 0):
 garbage-first heap   total 67584K, used 61936K [0x00000000c1200000, 0x0000000100000000)
  region size 1024K, 30 young (30720K), 1 survivors (1024K)
 Metaspace       used 73236K, committed 74368K, reserved 1114112K
  class space    used 10407K, committed 10880K, reserved 1048576K
}
Event: 7411.495 GC heap after
{Heap after GC invocations=33 (full 0):
 garbage-first heap   total 67584K, used 32076K [0x00000000c1200000, 0x0000000100000000)
  region size 1024K, 2 young (2048K), 2 survivors (2048K)
 Metaspace       used 73236K, committed 74368K, reserved 1114112K
  class space    used 10407K, committed 10880K, reserved 1048576K
}
Event: 9589.981 GC heap before
{Heap before GC invocations=33 (full 0):
 garbage-first heap   total 67584K, used 60748K [0x00000000c1200000, 0x0000000100000000)
  region size 1024K, 30 young (30720K), 2 survivors (2048K)
 Metaspace       used 73236K, committed 74368K, reserved 1114112K
  class space    used 10407K, committed 10880K, reserved 1048576K
}
Event: 9590.063 GC heap after
{Heap after GC invocations=34 (full 0):
 garbage-first heap   total 67584K, used 32338K [0x00000000c1200000, 0x0000000100000000)
  region size 1024K, 2 young (2048K), 2 survivors (2048K)
 Metaspace       used 73236K, committed 74368K, reserved 1114112K
  class space    used 10407K, committed 10880K, reserved 1048576K
}

